[12-Jun-2020 18:21:50 Europe/Moscow] PHP Fatal error:  Uncaught Error: Class 'Bitrix\Main\Config\Configuration' not found in /var/www/vendor/notamedia/console-jedi/src/Environment/Command/InitCommand.php:174
Stack trace:
#0 /var/www/vendor/notamedia/console-jedi/src/Environment/Command/InitCommand.php(125): Notamedia\ConsoleJedi\Environment\Command\InitCommand->initializeBitrix()
#1 /var/www/vendor/symfony/console/Command/Command.php(255): Notamedia\ConsoleJedi\Environment\Command\InitCommand->execute()
#2 /var/www/vendor/symfony/console/Application.php(987): Symfony\Component\Console\Command\Command->run()
#3 /var/www/vendor/symfony/console/Application.php(255): Symfony\Component\Console\Application->doRunCommand()
#4 /var/www/vendor/notamedia/console-jedi/src/Application/Application.php(103): Symfony\Component\Console\Application->doRun()
#5 /var/www/vendor/symfony/console/Application.php(148): Notamedia\ConsoleJedi\Application\Application->doRun()
#6 /var/www/vendor/notamedia/console-jedi/bin/jedi(11): Symfony\Component\Console\Application->run()
#7 {main}
  t in /var/www/vendor/notamedia/console-jedi/src/Environment/Command/InitCommand.php on line 174
[12-Jun-2020 18:25:40 Europe/Moscow] PHP Fatal error:  Uncaught Error: Class 'Bitrix\Main\Config\Configuration' not found in /var/www/vendor/notamedia/console-jedi/src/Environment/Command/InitCommand.php:174
Stack trace:
#0 /var/www/vendor/notamedia/console-jedi/src/Environment/Command/InitCommand.php(125): Notamedia\ConsoleJedi\Environment\Command\InitCommand->initializeBitrix()
#1 /var/www/vendor/symfony/console/Command/Command.php(255): Notamedia\ConsoleJedi\Environment\Command\InitCommand->execute()
#2 /var/www/vendor/symfony/console/Application.php(987): Symfony\Component\Console\Command\Command->run()
#3 /var/www/vendor/symfony/console/Application.php(255): Symfony\Component\Console\Application->doRunCommand()
#4 /var/www/vendor/notamedia/console-jedi/src/Application/Application.php(103): Symfony\Component\Console\Application->doRun()
#5 /var/www/vendor/symfony/console/Application.php(148): Notamedia\ConsoleJedi\Application\Application->doRun()
#6 /var/www/vendor/notamedia/console-jedi/bin/jedi(11): Symfony\Component\Console\Application->run()
#7 {main}
  t in /var/www/vendor/notamedia/console-jedi/src/Environment/Command/InitCommand.php on line 174
[14-Jun-2020 21:37:43 Europe/Moscow] PHP Fatal error:  Access level to SB\Cars\Rest\CarApi::$params must be protected (as in class SB\Cars\Rest\AbstractModelApi) or weaker in /var/www/bitrix/local/modules/sb.cars/lib/rest/carapi.php on line 8
[14-Jun-2020 21:37:43 Europe/Moscow] PHP Stack trace:
[14-Jun-2020 21:37:43 Europe/Moscow] PHP   1. {main}() /var/www/bitrix/bitrix/urlrewrite.php:0
[14-Jun-2020 21:37:43 Europe/Moscow] PHP   2. include_once() /var/www/bitrix/bitrix/urlrewrite.php:4
[14-Jun-2020 21:37:43 Europe/Moscow] PHP   3. require() /var/www/bitrix/404.php:2
[14-Jun-2020 21:37:43 Europe/Moscow] PHP   4. require_once() /var/www/bitrix/bitrix/header.php:1
[14-Jun-2020 21:37:43 Europe/Moscow] PHP   5. require_once() /var/www/bitrix/bitrix/modules/main/include/prolog.php:10
[14-Jun-2020 21:37:43 Europe/Moscow] PHP   6. require_once() /var/www/bitrix/bitrix/modules/main/include/prolog_before.php:14
[14-Jun-2020 21:37:43 Europe/Moscow] PHP   7. ExecuteModuleEventEx() /var/www/bitrix/bitrix/modules/main/include.php:1
[14-Jun-2020 21:37:43 Europe/Moscow] PHP   8. SB\Cars\Rest\CoreApi::init() /var/www/bitrix/bitrix/modules/main/classes/general/module.php:490
[14-Jun-2020 21:37:43 Europe/Moscow] PHP   9. SB\Cars\Rest\CoreApi->__construct() /var/www/bitrix/local/modules/sb.cars/lib/rest/coreapi.php:36
[14-Jun-2020 21:37:43 Europe/Moscow] PHP  10. SB\Cars\Rest\CoreApi->run() /var/www/bitrix/local/modules/sb.cars/lib/rest/coreapi.php:32
[14-Jun-2020 21:37:43 Europe/Moscow] PHP  11. class_exists() /var/www/bitrix/local/modules/sb.cars/lib/rest/coreapi.php:57
[14-Jun-2020 21:37:43 Europe/Moscow] PHP  12. spl_autoload_call() /var/www/bitrix/local/modules/sb.cars/lib/rest/coreapi.php:57
[14-Jun-2020 21:37:43 Europe/Moscow] PHP  13. Bitrix\Main\Loader::autoLoad() /var/www/bitrix/local/modules/sb.cars/lib/rest/coreapi.php:57
[14-Jun-2020 21:37:43 Europe/Moscow] PHP  14. require_once() /var/www/bitrix/bitrix/modules/main/lib/loader.php:385
[15-Jun-2020 11:43:05 Europe/Moscow] PHP Fatal error:  Allowed memory size of 268435456 bytes exhausted (tried to allocate 199233536 bytes) in /var/www/bitrix/local/modules/sb.cars/lib/model/car.php on line 61
[15-Jun-2020 11:43:05 Europe/Moscow] PHP Stack trace:
[15-Jun-2020 11:43:05 Europe/Moscow] PHP   1. {main}() /var/www/bitrix/bitrix/urlrewrite.php:0
[15-Jun-2020 11:43:05 Europe/Moscow] PHP   2. include_once() /var/www/bitrix/bitrix/urlrewrite.php:4
[15-Jun-2020 11:43:05 Europe/Moscow] PHP   3. require() /var/www/bitrix/404.php:2
[15-Jun-2020 11:43:05 Europe/Moscow] PHP   4. require_once() /var/www/bitrix/bitrix/header.php:1
[15-Jun-2020 11:43:05 Europe/Moscow] PHP   5. require_once() /var/www/bitrix/bitrix/modules/main/include/prolog.php:10
[15-Jun-2020 11:43:05 Europe/Moscow] PHP   6. require_once() /var/www/bitrix/bitrix/modules/main/include/prolog_before.php:14
[15-Jun-2020 11:43:05 Europe/Moscow] PHP   7. ExecuteModuleEventEx() /var/www/bitrix/bitrix/modules/main/include.php:1
[15-Jun-2020 11:43:05 Europe/Moscow] PHP   8. SB\Cars\Rest\CoreApi::init() /var/www/bitrix/bitrix/modules/main/classes/general/module.php:490
[15-Jun-2020 11:43:05 Europe/Moscow] PHP   9. SB\Cars\Rest\CoreApi->__construct() /var/www/bitrix/local/modules/sb.cars/lib/rest/coreapi.php:30
[15-Jun-2020 11:43:05 Europe/Moscow] PHP  10. SB\Cars\Rest\CoreApi->run() /var/www/bitrix/local/modules/sb.cars/lib/rest/coreapi.php:26
[15-Jun-2020 11:43:05 Europe/Moscow] PHP  11. SB\Cars\Rest\CarApi->get() /var/www/bitrix/local/modules/sb.cars/lib/rest/coreapi.php:54
[15-Jun-2020 11:43:05 Europe/Moscow] PHP  12. SB\Cars\Model\Car::getList() /var/www/bitrix/local/modules/sb.cars/lib/rest/carapi.php:14
[15-Jun-2020 11:43:05 Europe/Moscow] PHP  13. print_r() /var/www/bitrix/local/modules/sb.cars/lib/model/car.php:61
[15-Jun-2020 11:50:24 Europe/Moscow] PHP Fatal error:  Allowed memory size of 268435456 bytes exhausted (tried to allocate 132124672 bytes) in /var/www/bitrix/local/modules/sb.cars/lib/model/car.php on line 61
[15-Jun-2020 11:50:24 Europe/Moscow] PHP Stack trace:
[15-Jun-2020 11:50:24 Europe/Moscow] PHP   1. {main}() /var/www/bitrix/bitrix/urlrewrite.php:0
[15-Jun-2020 11:50:24 Europe/Moscow] PHP   2. include_once() /var/www/bitrix/bitrix/urlrewrite.php:4
[15-Jun-2020 11:50:24 Europe/Moscow] PHP   3. require() /var/www/bitrix/404.php:2
[15-Jun-2020 11:50:24 Europe/Moscow] PHP   4. require_once() /var/www/bitrix/bitrix/header.php:1
[15-Jun-2020 11:50:24 Europe/Moscow] PHP   5. require_once() /var/www/bitrix/bitrix/modules/main/include/prolog.php:10
[15-Jun-2020 11:50:24 Europe/Moscow] PHP   6. require_once() /var/www/bitrix/bitrix/modules/main/include/prolog_before.php:14
[15-Jun-2020 11:50:24 Europe/Moscow] PHP   7. ExecuteModuleEventEx() /var/www/bitrix/bitrix/modules/main/include.php:1
[15-Jun-2020 11:50:24 Europe/Moscow] PHP   8. SB\Cars\Rest\CoreApi::init() /var/www/bitrix/bitrix/modules/main/classes/general/module.php:490
[15-Jun-2020 11:50:24 Europe/Moscow] PHP   9. SB\Cars\Rest\CoreApi->__construct() /var/www/bitrix/local/modules/sb.cars/lib/rest/coreapi.php:30
[15-Jun-2020 11:50:24 Europe/Moscow] PHP  10. SB\Cars\Rest\CoreApi->run() /var/www/bitrix/local/modules/sb.cars/lib/rest/coreapi.php:26
[15-Jun-2020 11:50:24 Europe/Moscow] PHP  11. SB\Cars\Rest\CarApi->get() /var/www/bitrix/local/modules/sb.cars/lib/rest/coreapi.php:54
[15-Jun-2020 11:50:24 Europe/Moscow] PHP  12. SB\Cars\Model\Car::getList() /var/www/bitrix/local/modules/sb.cars/lib/rest/carapi.php:14
[15-Jun-2020 11:50:24 Europe/Moscow] PHP  13. print_r() /var/www/bitrix/local/modules/sb.cars/lib/model/car.php:61
[15-Jun-2020 11:50:28 Europe/Moscow] PHP Fatal error:  Allowed memory size of 268435456 bytes exhausted (tried to allocate 199233536 bytes) in /var/www/bitrix/local/modules/sb.cars/lib/model/car.php on line 61
[15-Jun-2020 11:50:28 Europe/Moscow] PHP Stack trace:
[15-Jun-2020 11:50:28 Europe/Moscow] PHP   1. {main}() /var/www/bitrix/bitrix/urlrewrite.php:0
[15-Jun-2020 11:50:28 Europe/Moscow] PHP   2. include_once() /var/www/bitrix/bitrix/urlrewrite.php:4
[15-Jun-2020 11:50:28 Europe/Moscow] PHP   3. require() /var/www/bitrix/404.php:2
[15-Jun-2020 11:50:28 Europe/Moscow] PHP   4. require_once() /var/www/bitrix/bitrix/header.php:1
[15-Jun-2020 11:50:28 Europe/Moscow] PHP   5. require_once() /var/www/bitrix/bitrix/modules/main/include/prolog.php:10
[15-Jun-2020 11:50:28 Europe/Moscow] PHP   6. require_once() /var/www/bitrix/bitrix/modules/main/include/prolog_before.php:14
[15-Jun-2020 11:50:28 Europe/Moscow] PHP   7. ExecuteModuleEventEx() /var/www/bitrix/bitrix/modules/main/include.php:1
[15-Jun-2020 11:50:28 Europe/Moscow] PHP   8. SB\Cars\Rest\CoreApi::init() /var/www/bitrix/bitrix/modules/main/classes/general/module.php:490
[15-Jun-2020 11:50:28 Europe/Moscow] PHP   9. SB\Cars\Rest\CoreApi->__construct() /var/www/bitrix/local/modules/sb.cars/lib/rest/coreapi.php:30
[15-Jun-2020 11:50:28 Europe/Moscow] PHP  10. SB\Cars\Rest\CoreApi->run() /var/www/bitrix/local/modules/sb.cars/lib/rest/coreapi.php:26
[15-Jun-2020 11:50:28 Europe/Moscow] PHP  11. SB\Cars\Rest\CarApi->get() /var/www/bitrix/local/modules/sb.cars/lib/rest/coreapi.php:54
[15-Jun-2020 11:50:28 Europe/Moscow] PHP  12. SB\Cars\Model\Car::getList() /var/www/bitrix/local/modules/sb.cars/lib/rest/carapi.php:14
[15-Jun-2020 11:50:28 Europe/Moscow] PHP  13. print_r() /var/www/bitrix/local/modules/sb.cars/lib/model/car.php:61
